<?xml version="1.0" encoding="UTF-8"?>
<testsuite name="tourGuide.TestTourGuideService" tests="5" skipped="0" failures="1" errors="0" timestamp="2020-09-18T15:15:02" hostname="PO719689" time="0.769">
  <properties/>
  <testcase name="getUserLocation" classname="tourGuide.TestTourGuideService" time="0.615"/>
  <testcase name="addUser" classname="tourGuide.TestTourGuideService" time="0.002"/>
  <testcase name="getAllUsers" classname="tourGuide.TestTourGuideService" time="0.002"/>
  <testcase name="trackUser" classname="tourGuide.TestTourGuideService" time="0.067"/>
  <testcase name="getNearbyAttractions" classname="tourGuide.TestTourGuideService" time="0.081">
    <failure message="java.lang.AssertionError: expected:&lt;5&gt; but was:&lt;0&gt;" type="java.lang.AssertionError">java.lang.AssertionError: expected:&lt;5&gt; but was:&lt;0&gt;
	at org.junit.Assert.fail(Assert.java:88)
	at org.junit.Assert.failNotEquals(Assert.java:834)
	at org.junit.Assert.assertEquals(Assert.java:645)
	at org.junit.Assert.assertEquals(Assert.java:631)
	at tourGuide.TestTourGuideService.getNearbyAttractions(TestTourGuideService.java:114)
	at sun.reflect.NativeMethodAccessorImpl.invoke0(Native Method)
	at sun.reflect.NativeMethodAccessorImpl.invoke(NativeMethodAccessorImpl.java:62)
	at sun.reflect.DelegatingMethodAccessorImpl.invoke(DelegatingMethodAccessorImpl.java:43)
	at java.lang.reflect.Method.invoke(Method.java:498)
	at org.junit.runners.model.FrameworkMethod$1.runReflectiveCall(FrameworkMethod.java:50)
	at org.junit.internal.runners.model.ReflectiveCallable.run(ReflectiveCallable.java:12)
	at org.junit.runners.model.FrameworkMethod.invokeExplosively(FrameworkMethod.java:47)
	at org.junit.internal.runners.statements.InvokeMethod.evaluate(InvokeMethod.java:17)
	at org.junit.runners.ParentRunner.runLeaf(ParentRunner.java:325)
	at org.junit.runners.BlockJUnit4ClassRunner.runChild(BlockJUnit4ClassRunner.java:78)
	at org.junit.runners.BlockJUnit4ClassRunner.runChild(BlockJUnit4ClassRunner.java:57)
	at org.junit.runners.ParentRunner$3.run(ParentRunner.java:290)
	at org.junit.runners.ParentRunner$1.schedule(ParentRunner.java:71)
	at org.junit.runners.ParentRunner.runChildren(ParentRunner.java:288)
	at org.junit.runners.ParentRunner.access$000(ParentRunner.java:58)
	at org.junit.runners.ParentRunner$2.evaluate(ParentRunner.java:268)
	at org.junit.runners.ParentRunner.run(ParentRunner.java:363)
	at org.gradle.api.internal.tasks.testing.junit.JUnitTestClassExecutor.runTestClass(JUnitTestClassExecutor.java:106)
	at org.gradle.api.internal.tasks.testing.junit.JUnitTestClassExecutor.execute(JUnitTestClassExecutor.java:58)
	at org.gradle.api.internal.tasks.testing.junit.JUnitTestClassExecutor.execute(JUnitTestClassExecutor.java:38)
	at org.gradle.api.internal.tasks.testing.junit.AbstractJUnitTestClassProcessor.processTestClass(AbstractJUnitTestClassProcessor.java:66)
	at org.gradle.api.internal.tasks.testing.SuiteTestClassProcessor.processTestClass(SuiteTestClassProcessor.java:51)
	at sun.reflect.NativeMethodAccessorImpl.invoke0(Native Method)
	at sun.reflect.NativeMethodAccessorImpl.invoke(NativeMethodAccessorImpl.java:62)
	at sun.reflect.DelegatingMethodAccessorImpl.invoke(DelegatingMethodAccessorImpl.java:43)
	at java.lang.reflect.Method.invoke(Method.java:498)
	at org.gradle.internal.dispatch.ReflectionDispatch.dispatch(ReflectionDispatch.java:35)
	at org.gradle.internal.dispatch.ReflectionDispatch.dispatch(ReflectionDispatch.java:24)
	at org.gradle.internal.dispatch.ContextClassLoaderDispatch.dispatch(ContextClassLoaderDispatch.java:32)
	at org.gradle.internal.dispatch.ProxyDispatchAdapter$DispatchingInvocationHandler.invoke(ProxyDispatchAdapter.java:93)
	at com.sun.proxy.$Proxy1.processTestClass(Unknown Source)
	at org.gradle.api.internal.tasks.testing.worker.TestWorker.processTestClass(TestWorker.java:109)
	at sun.reflect.NativeMethodAccessorImpl.invoke0(Native Method)
	at sun.reflect.NativeMethodAccessorImpl.invoke(NativeMethodAccessorImpl.java:62)
	at sun.reflect.DelegatingMethodAccessorImpl.invoke(DelegatingMethodAccessorImpl.java:43)
	at java.lang.reflect.Method.invoke(Method.java:498)
	at org.gradle.internal.dispatch.ReflectionDispatch.dispatch(ReflectionDispatch.java:35)
	at org.gradle.internal.dispatch.ReflectionDispatch.dispatch(ReflectionDispatch.java:24)
	at org.gradle.internal.remote.internal.hub.MessageHubBackedObjectConnection$DispatchWrapper.dispatch(MessageHubBackedObjectConnection.java:155)
	at org.gradle.internal.remote.internal.hub.MessageHubBackedObjectConnection$DispatchWrapper.dispatch(MessageHubBackedObjectConnection.java:137)
	at org.gradle.internal.remote.internal.hub.MessageHub$Handler.run(MessageHub.java:404)
	at org.gradle.internal.concurrent.ExecutorPolicy$CatchAndRecordFailures.onExecute(ExecutorPolicy.java:63)
	at org.gradle.internal.concurrent.ManagedExecutorImpl$1.run(ManagedExecutorImpl.java:46)
	at java.util.concurrent.ThreadPoolExecutor.runWorker(ThreadPoolExecutor.java:1149)
	at java.util.concurrent.ThreadPoolExecutor$Worker.run(ThreadPoolExecutor.java:624)
	at org.gradle.internal.concurrent.ThreadFactoryImpl$ManagedThreadRunnable.run(ThreadFactoryImpl.java:55)
	at java.lang.Thread.run(Thread.java:748)
</failure>
  </testcase>
  <system-out><![CDATA[17:15:02.810 [Test worker] INFO tourGuide.service.TourGuideService - TestMode enabled
17:15:02.825 [Test worker] DEBUG tourGuide.service.TourGuideService - Initializing users
17:15:02.839 [Test worker] DEBUG tourGuide.service.TourGuideService - Created 0 internal test users.
17:15:02.839 [Test worker] DEBUG tourGuide.service.TourGuideService - Finished initializing users
17:15:02.872 [pool-1-thread-1] DEBUG tourGuide.tracker.Tracker - Begin Tracker. Tracking 0 users.
17:15:02.875 [pool-1-thread-1] DEBUG tourGuide.tracker.Tracker - Tracker Time Elapsed: 0 seconds.
17:15:02.875 [pool-1-thread-1] DEBUG tourGuide.tracker.Tracker - Tracker sleeping
17:15:03.017 [Test worker] DEBUG tourGuide.service.TourGuideService - start get User Location
17:15:03.096 [Test worker] DEBUG tourGuide.service.TourGuideService - Add Visited Location
17:15:03.096 [Test worker] DEBUG tourGuide.service.TourGuideService - Calculate Rewards
17:15:03.117 [Test worker] INFO tourGuide.service.TourGuideService - TestMode enabled
17:15:03.118 [Test worker] DEBUG tourGuide.service.TourGuideService - Initializing users
17:15:03.118 [Test worker] DEBUG tourGuide.service.TourGuideService - Created 0 internal test users.
17:15:03.118 [Test worker] DEBUG tourGuide.service.TourGuideService - Finished initializing users
17:15:03.120 [Test worker] INFO tourGuide.service.TourGuideService - TestMode enabled
17:15:03.120 [pool-2-thread-1] DEBUG tourGuide.tracker.Tracker - Tracker stopping
17:15:03.120 [Test worker] DEBUG tourGuide.service.TourGuideService - Initializing users
17:15:03.120 [Test worker] DEBUG tourGuide.service.TourGuideService - Created 0 internal test users.
17:15:03.121 [Test worker] DEBUG tourGuide.service.TourGuideService - Finished initializing users
17:15:03.123 [Test worker] INFO tourGuide.service.TourGuideService - TestMode enabled
17:15:03.123 [Test worker] DEBUG tourGuide.service.TourGuideService - Initializing users
17:15:03.124 [Test worker] DEBUG tourGuide.service.TourGuideService - Created 0 internal test users.
17:15:03.124 [Test worker] DEBUG tourGuide.service.TourGuideService - Finished initializing users
17:15:03.122 [pool-3-thread-1] DEBUG tourGuide.tracker.Tracker - Tracker stopping
17:15:03.125 [Test worker] DEBUG tourGuide.service.TourGuideService - start get User Location
17:15:03.127 [pool-4-thread-1] DEBUG tourGuide.tracker.Tracker - Begin Tracker. Tracking 0 users.
17:15:03.127 [pool-4-thread-1] DEBUG tourGuide.tracker.Tracker - Tracker Time Elapsed: 0 seconds.
17:15:03.128 [pool-4-thread-1] DEBUG tourGuide.tracker.Tracker - Tracker sleeping
17:15:03.178 [Test worker] DEBUG tourGuide.service.TourGuideService - Add Visited Location
17:15:03.179 [Test worker] DEBUG tourGuide.service.TourGuideService - Calculate Rewards
17:15:03.191 [Test worker] INFO tourGuide.service.TourGuideService - TestMode enabled
17:15:03.192 [Test worker] DEBUG tourGuide.service.TourGuideService - Initializing users
17:15:03.192 [Test worker] DEBUG tourGuide.service.TourGuideService - Created 0 internal test users.
17:15:03.192 [Test worker] DEBUG tourGuide.service.TourGuideService - Finished initializing users
17:15:03.194 [Test worker] DEBUG tourGuide.service.TourGuideService - start get User Location
17:15:03.194 [pool-5-thread-1] DEBUG tourGuide.tracker.Tracker - Begin Tracker. Tracking 0 users.
17:15:03.197 [pool-5-thread-1] DEBUG tourGuide.tracker.Tracker - Tracker Time Elapsed: 0 seconds.
17:15:03.197 [pool-5-thread-1] DEBUG tourGuide.tracker.Tracker - Tracker sleeping
17:15:03.244 [Test worker] DEBUG tourGuide.service.TourGuideService - Add Visited Location
17:15:03.244 [Test worker] DEBUG tourGuide.service.TourGuideService - Calculate Rewards
]]></system-out>
  <system-err><![CDATA[Sep 18, 2020 5:15:02 PM org.javamoney.moneta.DefaultMonetaryContextFactory createMonetaryContextNonNullConfig
INFO: Using custom MathContext: precision=256, roundingMode=HALF_EVEN
]]></system-err>
</testsuite>
